<?xml version="1.0" encoding="UTF-8"?>
<!-- Generated by org.testng.reporters.JUnitReportReporter -->
<testsuite skipped="0" hostname="shubham-TravelMate-P243" name="restAssuredBasics.DynamicJson" tests="3" failures="0" timestamp="05 May 2020 08:03:35 GMT" time="5.770" errors="0">
  <testcase name="ADddBook" time="5.180" classname="restAssuredBasics.DynamicJson"/>
  <testcase name="ADddBook" time="0.285" classname="restAssuredBasics.DynamicJson"/>
  <testcase name="ADddBook" time="0.305" classname="restAssuredBasics.DynamicJson"/>
</testsuite> <!-- restAssuredBasics.DynamicJson -->
